#
# There is insufficient memory for the Java Runtime Environment to continue.
# Native memory allocation (mmap) failed to map 54525952 bytes for Failed to commit area from 0x0000000711e00000 to 0x0000000715200000 of length 54525952.
# Possible reasons:
#   The system is out of physical RAM or swap space
#   The process is running with CompressedOops enabled, and the Java Heap may be blocking the growth of the native heap
# Possible solutions:
#   Reduce memory load on the system
#   Increase physical memory or swap space
#   Check if swap backing store is full
#   Decrease Java heap size (-Xmx/-Xms)
#   Decrease number of Java threads
#   Decrease Java thread stack sizes (-Xss)
#   Set larger code cache with -XX:ReservedCodeCacheSize=
#   JVM is running with Zero Based Compressed Oops mode in which the Java heap is
#     placed in the first 32GB address space. The Java Heap base address is the
#     maximum limit for the native heap growth. Please use -XX:HeapBaseMinAddress
#     to set the Java Heap base and to place the Java Heap above 32GB virtual address.
# This output file may be truncated or incomplete.
#
#  Out of Memory Error (./open/src/hotspot/os/windows/os_windows.cpp:3273), pid=6084, tid=18320
#
# JRE version: Java(TM) SE Runtime Environment 18.9 (11.0.10+8) (build 11.0.10+8-LTS-162)
# Java VM: Java HotSpot(TM) 64-Bit Server VM 18.9 (11.0.10+8-LTS-162, mixed mode, tiered, compressed oops, g1 gc, windows-amd64)
# No core dump will be written. Minidumps are not enabled by default on client versions of Windows
#

---------------  S U M M A R Y ------------

Command Line: -ea -Didea.test.cyclic.buffer.size=1048576 -javaagent:C:\Program Files\JetBrains\IntelliJ IDEA Community Edition 2021.2.2\lib\idea_rt.jar=4431:C:\Program Files\JetBrains\IntelliJ IDEA Community Edition 2021.2.2\bin -Dfile.encoding=UTF-8 com.intellij.rt.junit.JUnitStarter -ideVersion5 -junit5 @w@C:\Users\LEGION\AppData\Local\Temp\idea_working_dirs_junit1.tmp @C:\Users\LEGION\AppData\Local\Temp\idea_junit1.tmp

Host: Intel(R) Core(TM) i7-8750H CPU @ 2.20GHz, 12 cores, 15G,  Windows 10 , 64 bit Build 22000 (10.0.22000.318)
Time: Mon Nov 22 23:07:17 2021 Hora estándar oeste, Sudamérica elapsed time: 3.784067 seconds (0d 0h 0m 3s)

---------------  T H R E A D  ---------------

Current thread (0x000001fd6f3c2800):  VMThread "VM Thread" [stack: 0x0000008571a00000,0x0000008571b00000] [id=18320]

Stack: [0x0000008571a00000,0x0000008571b00000]
[error occurred during error reporting (printing stack bounds), id 0xc0000005, EXCEPTION_ACCESS_VIOLATION (0xc0000005) at pc=0x000001fd539a0f2d]

Native frames: (J=compiled Java code, j=interpreted, Vv=VM code, C=native code)
V  [jvm.dll+0x613e6a]
V  [jvm.dll+0x74c1ff]
V  [jvm.dll+0x74d885]
V  [jvm.dll+0x74de65]
V  [jvm.dll+0x74de1b]
V  [jvm.dll+0x6136a3]
V  [jvm.dll+0x613a68]
C  [ntdll.dll+0xa82ff]
C  [ntdll.dll+0x35a0a]
C  [ntdll.dll+0xa730e]
C  0x000001fd539a0f2d

VM_Operation (0x00000085714f4c00): CollectForMetadataAllocation, mode: safepoint, requested by thread 0x000001fd4b525000


---------------  P R O C E S S  ---------------

Threads class SMR info:
_java_thread_list=0x000001fd74838360, length=13, elements={
0x000001fd4b525000, 0x000001fd6f3c4000, 0x000001fd6f3c5800, 0x000001fd6f3ca800,
0x000001fd6f3cc000, 0x000001fd6fcc2800, 0x000001fd6fcd4800, 0x000001fd6fcd8000,
0x000001fd6fe0d000, 0x000001fd6fe67000, 0x000001fd6ff2b800, 0x000001fd6ff2c000,
0x000001fd719e7800
}

Java Threads: ( => current thread )
  0x000001fd4b525000 JavaThread "main" [_thread_blocked, id=724, stack(0x0000008571400000,0x0000008571500000)]
  0x000001fd6f3c4000 JavaThread "Reference Handler" daemon [_thread_blocked, id=15992, stack(0x0000008571b00000,0x0000008571c00000)]
  0x000001fd6f3c5800 JavaThread "Finalizer" daemon [_thread_blocked, id=11892, stack(0x0000008571c00000,0x0000008571d00000)]
  0x000001fd6f3ca800 JavaThread "Signal Dispatcher" daemon [_thread_blocked, id=14028, stack(0x0000008571d00000,0x0000008571e00000)]
  0x000001fd6f3cc000 JavaThread "Attach Listener" daemon [_thread_blocked, id=16448, stack(0x0000008571e00000,0x0000008571f00000)]
  0x000001fd6fcc2800 JavaThread "C2 CompilerThread0" daemon [_thread_blocked, id=16756, stack(0x0000008571f00000,0x0000008572000000)]
  0x000001fd6fcd4800 JavaThread "C1 CompilerThread0" daemon [_thread_blocked, id=8284, stack(0x0000008572000000,0x0000008572100000)]
  0x000001fd6fcd8000 JavaThread "Sweeper thread" daemon [_thread_blocked, id=18048, stack(0x0000008572100000,0x0000008572200000)]
  0x000001fd6fe0d000 JavaThread "Common-Cleaner" daemon [_thread_blocked, id=17508, stack(0x0000008572200000,0x0000008572300000)]
  0x000001fd6fe67000 JavaThread "C2 CompilerThread1" daemon [_thread_blocked, id=11216, stack(0x0000008572300000,0x0000008572400000)]
  0x000001fd6ff2b800 JavaThread "Monitor Ctrl-Break" daemon [_thread_in_native, id=3824, stack(0x0000008572400000,0x0000008572500000)]
  0x000001fd6ff2c000 JavaThread "Service Thread" daemon [_thread_blocked, id=12480, stack(0x0000008572500000,0x0000008572600000)]
  0x000001fd719e7800 JavaThread "C2 CompilerThread2" daemon [_thread_blocked, id=13420, stack(0x0000008572f00000,0x0000008573000000)]

Other Threads:
=>0x000001fd6f3c2800 VMThread "VM Thread" [stack: 0x0000008571a00000,0x0000008571b00000] [id=18320]
  0x000001fd6ffac000 WatcherThread [stack: 0x0000008572600000,0x0000008572700000] [id=8680]
  0x000001fd4b53b000 GCTaskThread "GC Thread#0" [stack: 0x0000008571500000,0x0000008571600000] [id=10392]
  0x000001fd70f2c800 GCTaskThread "GC Thread#1" [stack: 0x0000008572700000,0x0000008572800000] [id=17204]
  0x000001fd7127f000 GCTaskThread "GC Thread#2" [stack: 0x0000008572800000,0x0000008572900000] [id=15904]
  0x000001fd705ab000 GCTaskThread "GC Thread#3" [stack: 0x0000008572900000,0x0000008572a00000] [id=18132]
  0x000001fd71123000 GCTaskThread "GC Thread#4" [stack: 0x0000008572a00000,0x0000008572b00000] [id=8240]
  0x000001fd71124000 GCTaskThread "GC Thread#5" [stack: 0x0000008572b00000,0x0000008572c00000] [id=16760]
  0x000001fd4b593000 ConcurrentGCThread "G1 Main Marker" [stack: 0x0000008571600000,0x0000008571700000] [id=17816]
  0x000001fd4b596800 ConcurrentGCThread "G1 Conc#0" [stack: 0x0000008571700000,0x0000008571800000] [id=17316]
  0x000001fd71680000 ConcurrentGCThread "G1 Conc#1" [stack: 0x0000008572c00000,0x0000008572d00000] [id=12752]
  0x000001fd710ff800 ConcurrentGCThread "G1 Conc#2" [stack: 0x0000008572d00000,0x0000008572e00000] [id=10648]
  0x000001fd6f2a3000 ConcurrentGCThread "G1 Refine#0" [stack: 0x0000008571800000,0x0000008571900000] [id=14308]
  0x000001fd6f2a4000 ConcurrentGCThread "G1 Young RemSet Sampling" [stack: 0x0000008571900000,0x0000008571a00000] [id=13192]

Threads with active compile tasks:

VM state:at safepoint (normal execution)

VM Mutex/Monitor currently owned by a thread:  ([mutex/lock_event])
[0x000001fd4b5215c0] Threads_lock - owner thread: 0x000001fd6f3c2800
[0x000001fd4b521800] Heap_lock - owner thread: 0x000001fd4b525000

Heap address: 0x0000000701e00000, size: 4066 MB, Compressed Oops mode: Zero based, Oop shift amount: 3
Narrow klass base: 0x0000000800000000, Narrow klass shift: 0
Compressed class space size: 1073741824 Address: 0x0000000800000000

Heap:
 garbage-first heap   total 315392K, used 15873K [0x0000000701e00000, 0x0000000800000000)
  region size 1024K, 5 young (5120K), 5 survivors (5120K)
 Metaspace       used 34727K, capacity 35772K, committed 35840K, reserved 1081344K
  class space    used 4220K, capacity 4608K, committed 4608K, reserved 1048576K
Heap Regions: E=young(eden), S=young(survivor), O=old, HS=humongous(starts), HC=humongous(continues), CS=collection set, F=free, A=archive, TAMS=top-at-mark-start (previous, next)
|   0|0x0000000701e00000, 0x0000000701f00000, 0x0000000701f00000|100%|HS|  |TAMS 0x0000000701f00000, 0x0000000701f00000| Complete 
|   1|0x0000000701f00000, 0x0000000702000000, 0x0000000702000000|100%| O|  |TAMS 0x0000000702000000, 0x0000000702000000| Untracked 
|   2|0x0000000702000000, 0x0000000702100000, 0x0000000702100000|100%| O|  |TAMS 0x0000000702100000, 0x0000000702100000| Untracked 
|   3|0x0000000702100000, 0x0000000702200000, 0x0000000702200000|100%| O|  |TAMS 0x0000000702200000, 0x0000000702200000| Untracked 
|   4|0x0000000702200000, 0x0000000702300000, 0x0000000702300000|100%| O|  |TAMS 0x00000007022c9e00, 0x0000000702300000| Untracked 
|   5|0x0000000702300000, 0x0000000702400000, 0x0000000702400000|100%| O|  |TAMS 0x0000000702300000, 0x0000000702400000| Untracked 
|   6|0x0000000702400000, 0x0000000702500000, 0x0000000702500000|100%| O|  |TAMS 0x0000000702400000, 0x0000000702500000| Untracked 
|   7|0x0000000702500000, 0x0000000702600000, 0x0000000702600000|100%| O|  |TAMS 0x0000000702500000, 0x0000000702600000| Untracked 
|   8|0x0000000702600000, 0x0000000702700000, 0x0000000702700000|100%| O|  |TAMS 0x0000000702600000, 0x0000000702700000| Untracked 
|   9|0x0000000702700000, 0x0000000702800000, 0x0000000702800000|100%| O|  |TAMS 0x0000000702700000, 0x0000000702800000| Untracked 
|  10|0x0000000702800000, 0x00000007028a7c00, 0x0000000702900000| 65%| O|  |TAMS 0x0000000702800000, 0x00000007028a7c00| Untracked 
|  11|0x0000000702900000, 0x0000000702900000, 0x0000000702a00000|  0%| F|  |TAMS 0x0000000702900000, 0x0000000702900000| Untracked 
|  12|0x0000000702a00000, 0x0000000702a00000, 0x0000000702b00000|  0%| F|  |TAMS 0x0000000702a00000, 0x0000000702a00000| Untracked 
|  13|0x0000000702b00000, 0x0000000702b00000, 0x0000000702c00000|  0%| F|  |TAMS 0x0000000702b00000, 0x0000000702b00000| Untracked 
|  14|0x0000000702c00000, 0x0000000702c00000, 0x0000000702d00000|  0%| F|  |TAMS 0x0000000702c00000, 0x0000000702c00000| Untracked 
|  15|0x0000000702d00000, 0x0000000702d00000, 0x0000000702e00000|  0%| F|  |TAMS 0x0000000702d00000, 0x0000000702d00000| Untracked 
|  16|0x0000000702e00000, 0x0000000702e00000, 0x0000000702f00000|  0%| F|  |TAMS 0x0000000702e00000, 0x0000000702e00000| Untracked 
|  17|0x0000000702f00000, 0x0000000702f00000, 0x0000000703000000|  0%| F|  |TAMS 0x0000000702f00000, 0x0000000702f00000| Untracked 
|  18|0x0000000703000000, 0x0000000703000000, 0x0000000703100000|  0%| F|  |TAMS 0x0000000703000000, 0x0000000703000000| Untracked 
|  19|0x0000000703100000, 0x0000000703100000, 0x0000000703200000|  0%| F|  |TAMS 0x0000000703100000, 0x0000000703100000| Untracked 
|  20|0x0000000703200000, 0x0000000703200000, 0x0000000703300000|  0%| F|  |TAMS 0x0000000703200000, 0x0000000703200000| Untracked 
|  21|0x0000000703300000, 0x0000000703300000, 0x0000000703400000|  0%| F|  |TAMS 0x0000000703300000, 0x0000000703300000| Untracked 
|  22|0x0000000703400000, 0x0000000703400000, 0x0000000703500000|  0%| F|  |TAMS 0x0000000703400000, 0x0000000703400000| Untracked 
|  23|0x0000000703500000, 0x0000000703500000, 0x0000000703600000|  0%| F|  |TAMS 0x0000000703500000, 0x0000000703500000| Untracked 
|  24|0x0000000703600000, 0x0000000703600000, 0x0000000703700000|  0%| F|  |TAMS 0x0000000703600000, 0x0000000703600000| Untracked 
|  25|0x0000000703700000, 0x0000000703700000, 0x0000000703800000|  0%| F|  |TAMS 0x0000000703700000, 0x0000000703700000| Untracked 
|  26|0x0000000703800000, 0x0000000703800000, 0x0000000703900000|  0%| F|  |TAMS 0x0000000703800000, 0x0000000703800000| Untracked 
|  27|0x0000000703900000, 0x0000000703900000, 0x0000000703a00000|  0%| F|  |TAMS 0x0000000703900000, 0x0000000703900000| Untracked 
|  28|0x0000000703a00000, 0x0000000703a00000, 0x0000000703b00000|  0%| F|  |TAMS 0x0000000703a00000, 0x0000000703a00000| Untracked 
|  29|0x0000000703b00000, 0x0000000703b00000, 0x0000000703c00000|  0%| F|  |TAMS 0x0000000703b00000, 0x0000000703b00000| Untracked 
|  30|0x0000000703c00000, 0x0000000703c00000, 0x0000000703d00000|  0%| F|  |TAMS 0x0000000703c00000, 0x0000000703c00000| Untracked 
|  31|0x0000000703d00000, 0x0000000703d00000, 0x0000000703e00000|  0%| F|  |TAMS 0x0000000703d00000, 0x0000000703d00000| Untracked 
|  32|0x0000000703e00000, 0x0000000703e00000, 0x0000000703f00000|  0%| F|  |TAMS 0x0000000703e00000, 0x0000000703e00000| Untracked 
|  33|0x0000000703f00000, 0x0000000703f00000, 0x0000000704000000|  0%| F|  |TAMS 0x0000000703f00000, 0x0000000703f00000| Untracked 
|  34|0x0000000704000000, 0x0000000704000000, 0x0000000704100000|  0%| F|  |TAMS 0x0000000704000000, 0x0000000704000000| Untracked 
|  35|0x0000000704100000, 0x0000000704100000, 0x0000000704200000|  0%| F|  |TAMS 0x0000000704100000, 0x0000000704100000| Untracked 
|  36|0x0000000704200000, 0x0000000704200000, 0x0000000704300000|  0%| F|  |TAMS 0x0000000704200000, 0x0000000704200000| Untracked 
|  37|0x0000000704300000, 0x0000000704300000, 0x0000000704400000|  0%| F|  |TAMS 0x0000000704300000, 0x0000000704300000| Untracked 
|  38|0x0000000704400000, 0x0000000704400000, 0x0000000704500000|  0%| F|  |TAMS 0x0000000704400000, 0x0000000704400000| Untracked 
|  39|0x0000000704500000, 0x0000000704500000, 0x0000000704600000|  0%| F|  |TAMS 0x0000000704500000, 0x0000000704500000| Untracked 
|  40|0x0000000704600000, 0x0000000704600000, 0x0000000704700000|  0%| F|  |TAMS 0x0000000704600000, 0x0000000704600000| Untracked 
|  41|0x0000000704700000, 0x0000000704700000, 0x0000000704800000|  0%| F|  |TAMS 0x0000000704700000, 0x0000000704700000| Untracked 
|  42|0x0000000704800000, 0x0000000704800000, 0x0000000704900000|  0%| F|  |TAMS 0x0000000704800000, 0x0000000704800000| Untracked 
|  43|0x0000000704900000, 0x0000000704900000, 0x0000000704a00000|  0%| F|  |TAMS 0x0000000704900000, 0x0000000704900000| Untracked 
|  44|0x0000000704a00000, 0x0000000704a00000, 0x0000000704b00000|  0%| F|  |TAMS 0x0000000704a00000, 0x0000000704a00000| Untracked 
|  45|0x0000000704b00000, 0x0000000704b00000, 0x0000000704c00000|  0%| F|  |TAMS 0x0000000704b00000, 0x0000000704b00000| Untracked 
|  46|0x0000000704c00000, 0x0000000704c00000, 0x0000000704d00000|  0%| F|  |TAMS 0x0000000704c00000, 0x0000000704c00000| Untracked 
|  47|0x0000000704d00000, 0x0000000704d00000, 0x0000000704e00000|  0%| F|  |TAMS 0x0000000704d00000, 0x0000000704d00000| Untracked 
|  48|0x0000000704e00000, 0x0000000704e00000, 0x0000000704f00000|  0%| F|  |TAMS 0x0000000704e00000, 0x0000000704e00000| Untracked 
|  49|0x0000000704f00000, 0x0000000704f00000, 0x0000000705000000|  0%| F|  |TAMS 0x0000000704f00000, 0x0000000704f00000| Untracked 
|  50|0x0000000705000000, 0x0000000705000000, 0x0000000705100000|  0%| F|  |TAMS 0x0000000705000000, 0x0000000705000000| Untracked 
|  51|0x0000000705100000, 0x0000000705100000, 0x0000000705200000|  0%| F|  |TAMS 0x0000000705100000, 0x0000000705100000| Untracked 
|  52|0x0000000705200000, 0x0000000705200000, 0x0000000705300000|  0%| F|  |TAMS 0x0000000705200000, 0x0000000705200000| Untracked 
|  53|0x0000000705300000, 0x0000000705300000, 0x0000000705400000|  0%| F|  |TAMS 0x0000000705300000, 0x0000000705300000| Untracked 
|  54|0x0000000705400000, 0x0000000705400000, 0x0000000705500000|  0%| F|  |TAMS 0x0000000705400000, 0x0000000705400000| Untracked 
|  55|0x0000000705500000, 0x0000000705500000, 0x0000000705600000|  0%| F|  |TAMS 0x0000000705500000, 0x0000000705500000| Untracked 
|  56|0x0000000705600000, 0x0000000705600000, 0x0000000705700000|  0%| F|  |TAMS 0x0000000705600000, 0x0000000705600000| Untracked 
|  57|0x0000000705700000, 0x0000000705700000, 0x0000000705800000|  0%| F|  |TAMS 0x0000000705700000, 0x0000000705700000| Untracked 
|  58|0x0000000705800000, 0x0000000705800000, 0x0000000705900000|  0%| F|  |TAMS 0x0000000705800000, 0x0000000705800000| Untracked 
|  59|0x0000000705900000, 0x0000000705900000, 0x0000000705a00000|  0%| F|  |TAMS 0x0000000705900000, 0x0000000705900000| Untracked 
|  60|0x0000000705a00000, 0x0000000705a00000, 0x0000000705b00000|  0%| F|  |TAMS 0x0000000705a00000, 0x0000000705a00000| Untracked 
|  61|0x0000000705b00000, 0x0000000705b00000, 0x0000000705c00000|  0%| F|  |TAMS 0x0000000705b00000, 0x0000000705b00000| Untracked 
|  62|0x0000000705c00000, 0x0000000705c00000, 0x0000000705d00000|  0%| F|  |TAMS 0x0000000705c00000, 0x0000000705c00000| Untracked 
|  63|0x0000000705d00000, 0x0000000705d00000, 0x0000000705e00000|  0%| F|  |TAMS 0x0000000705d00000, 0x0000000705d00000| Untracked 
|  64|0x0000000705e00000, 0x0000000705e00000, 0x0000000705f00000|  0%| F|  |TAMS 0x0000000705e00000, 0x0000000705e00000| Untracked 
|  65|0x0000000705f00000, 0x0000000705f00000, 0x0000000706000000|  0%| F|  |TAMS 0x0000000705f00000, 0x0000000705f00000| Untracked 
|  66|0x0000000706000000, 0x0000000706000000, 0x0000000706100000|  0%| F|  |TAMS 0x0000000706000000, 0x0000000706000000| Untracked 
|  67|0x0000000706100000, 0x0000000706100000, 0x0000000706200000|  0%| F|  |TAMS 0x0000000706100000, 0x0000000706100000| Untracked 
|  68|0x0000000706200000, 0x0000000706200000, 0x0000000706300000|  0%| F|  |TAMS 0x0000000706200000, 0x0000000706200000| Untracked 
|  69|0x0000000706300000, 0x0000000706300000, 0x0000000706400000|  0%| F|  |TAMS 0x0000000706300000, 0x0000000706300000| Untracked 
|  70|0x0000000706400000, 0x0000000706400000, 0x0000000706500000|  0%| F|  |TAMS 0x0000000706400000, 0x0000000706400000| Untracked 
|  71|0x0000000706500000, 0x0000000706500000, 0x0000000706600000|  0%| F|  |TAMS 0x0000000706500000, 0x0000000706500000| Untracked 
|  72|0x0000000706600000, 0x0000000706600000, 0x0000000706700000|  0%| F|  |TAMS 0x0000000706600000, 0x0000000706600000| Untracked 
|  73|0x0000000706700000, 0x0000000706700000, 0x0000000706800000|  0%| F|  |TAMS 0x0000000706700000, 0x0000000706700000| Untracked 
|  74|0x0000000706800000, 0x0000000706800000, 0x0000000706900000|  0%| F|  |TAMS 0x0000000706800000, 0x0000000706800000| Untracked 
|  75|0x0000000706900000, 0x0000000706900000, 0x0000000706a00000|  0%| F|  |TAMS 0x0000000706900000, 0x0000000706900000| Untracked 
|  76|0x0000000706a00000, 0x0000000706a00000, 0x0000000706b00000|  0%| F|  |TAMS 0x0000000706a00000, 0x0000000706a00000| Untracked 
|  77|0x0000000706b00000, 0x0000000706b00000, 0x0000000706c00000|  0%| F|  |TAMS 0x0000000706b00000, 0x0000000706b00000| Untracked 
|  78|0x0000000706c00000, 0x0000000706c00000, 0x0000000706d00000|  0%| F|  |TAMS 0x0000000706c00000, 0x0000000706c00000| Untracked 
|  79|0x0000000706d00000, 0x0000000706d00000, 0x0000000706e00000|  0%| F|  |TAMS 0x0000000706d00000, 0x0000000706d00000| Untracked 
|  80|0x0000000706e00000, 0x0000000706e00000, 0x0000000706f00000|  0%| F|  |TAMS 0x0000000706e00000, 0x0000000706e00000| Untracked 
|  81|0x0000000706f00000, 0x0000000706f00000, 0x0000000707000000|  0%| F|  |TAMS 0x0000000706f00000, 0x0000000706f00000| Untracked 
|  82|0x0000000707000000, 0x0000000707000000, 0x0000000707100000|  0%| F|  |TAMS 0x0000000707000000, 0x0000000707000000| Untracked 
|  83|0x0000000707100000, 0x0000000707100000, 0x0000000707200000|  0%| F|  |TAMS 0x0000000707100000, 0x0000000707100000| Untracked 
|  84|0x0000000707200000, 0x0000000707200000, 0x0000000707300000|  0%| F|  |TAMS 0x0000000707200000, 0x0000000707200000| Untracked 
|  85|0x0000000707300000, 0x0000000707300000, 0x0000000707400000|  0%| F|  |TAMS 0x0000000707300000, 0x0000000707300000| Untracked 
|  86|0x0000000707400000, 0x0000000707400000, 0x0000000707500000|  0%| F|  |TAMS 0x0000000707400000, 0x0000000707400000| Untracked 
|  87|0x0000000707500000, 0x0000000707500000, 0x0000000707600000|  0%| F|  |TAMS 0x0000000707500000, 0x0000000707500000| Untracked 
|  88|0x0000000707600000, 0x0000000707600000, 0x0000000707700000|  0%| F|  |TAMS 0x0000000707600000, 0x0000000707600000| Untracked 
|  89|0x0000000707700000, 0x0000000707700000, 0x0000000707800000|  0%| F|  |TAMS 0x0000000707700000, 0x0000000707700000| Untracked 
|  90|0x0000000707800000, 0x0000000707800000, 0x0000000707900000|  0%| F|  |TAMS 0x0000000707800000, 0x0000000707800000| Untracked 
|  91|0x0000000707900000, 0x0000000707900000, 0x0000000707a00000|  0%| F|  |TAMS 0x0000000707900000, 0x0000000707900000| Untracked 
|  92|0x0000000707a00000, 0x0000000707a00000, 0x0000000707b00000|  0%| F|  |TAMS 0x0000000707a00000, 0x0000000707a00000| Untracked 
|  93|0x0000000707b00000, 0x0000000707b00000, 0x0000000707c00000|  0%| F|  |TAMS 0x0000000707b00000, 0x0000000707b00000| Untracked 
|  94|0x0000000707c00000, 0x0000000707c00000, 0x0000000707d00000|  0%| F|  |TAMS 0x0000000707c00000, 0x0000000707c00000| Untracked 
|  95|0x0000000707d00000, 0x0000000707d00000, 0x0000000707e00000|  0%| F|  |TAMS 0x0000000707d00000, 0x0000000707d00000| Untracked 
|  96|0x0000000707e00000, 0x0000000707e00000, 0x0000000707f00000|  0%| F|  |TAMS 0x0000000707e00000, 0x0000000707e00000| Untracked 
|  97|0x0000000707f00000, 0x0000000707f00000, 0x0000000708000000|  0%| F|  |TAMS 0x0000000707f00000, 0x0000000707f00000| Untracked 
|  98|0x0000000708000000, 0x0000000708000000, 0x0000000708100000|  0%| F|  |TAMS 0x0000000708000000, 0x0000000708000000| Untracked 
|  99|0x0000000708100000, 0x0000000708100000, 0x0000000708200000|  0%| F|  |TAMS 0x0000000708100000, 0x0000000708100000| Untracked 
| 100|0x0000000708200000, 0x0000000708200000, 0x0000000708300000|  0%| F|  |TAMS 0x0000000708200000, 0x0000000708200000| Untracked 
| 101|0x0000000708300000, 0x0000000708300000, 0x0000000708400000|  0%| F|  |TAMS 0x0000000708300000, 0x0000000708300000| Untracked 
| 102|0x0000000708400000, 0x0000000708400000, 0x0000000708500000|  0%| F|  |TAMS 0x0000000708400000, 0x0000000708400000| Untracked 
| 103|0x0000000708500000, 0x0000000708500000, 0x0000000708600000|  0%| F|  |TAMS 0x0000000708500000, 0x0000000708500000| Untracked 
| 104|0x0000000708600000, 0x0000000708600000, 0x0000000708700000|  0%| F|  |TAMS 0x0000000708600000, 0x0000000708600000| Untracked 
| 105|0x0000000708700000, 0x0000000708700000, 0x0000000708800000|  0%| F|  |TAMS 0x0000000708700000, 0x0000000708700000| Untracked 
| 106|0x0000000708800000, 0x0000000708800000, 0x0000000708900000|  0%| F|  |TAMS 0x0000000708800000, 0x0000000708800000| Untracked 
| 107|0x0000000708900000, 0x0000000708900000, 0x0000000708a00000|  0%| F|  |TAMS 0x0000000708900000, 0x0000000708900000| Untracked 
| 108|0x0000000708a00000, 0x0000000708a00000, 0x0000000708b00000|  0%| F|  |TAMS 0x0000000708a00000, 0x0000000708a00000| Untracked 
| 109|0x0000000708b00000, 0x0000000708b00000, 0x0000000708c00000|  0%| F|  |TAMS 0x0000000708b00000, 0x0000000708b00000| Untracked 
| 110|0x0000000708c00000, 0x0000000708c00000, 0x0000000708d00000|  0%| F|  |TAMS 0x0000000708c00000, 0x0000000708c00000| Untracked 
| 111|0x0000000708d00000, 0x0000000708d00000, 0x0000000708e00000|  0%| F|  |TAMS 0x0000000708d00000, 0x0000000708d00000| Untracked 
| 112|0x0000000708e00000, 0x0000000708e00000, 0x0000000708f00000|  0%| F|  |TAMS 0x0000000708e00000, 0x0000000708e00000| Untracked 
| 113|0x0000000708f00000, 0x0000000708f00000, 0x0000000709000000|  0%| F|  |TAMS 0x0000000708f00000, 0x0000000708f00000| Untracked 
| 114|0x0000000709000000, 0x0000000709000000, 0x0000000709100000|  0%| F|  |TAMS 0x0000000709000000, 0x0000000709000000| Untracked 
| 115|0x0000000709100000, 0x0000000709100000, 0x0000000709200000|  0%| F|  |TAMS 0x0000000709100000, 0x0000000709100000| Untracked 
| 116|0x0000000709200000, 0x0000000709200000, 0x0000000709300000|  0%| F|  |TAMS 0x0000000709200000, 0x0000000709200000| Untracked 
| 117|0x0000000709300000, 0x0000000709300000, 0x0000000709400000|  0%| F|  |TAMS 0x0000000709300000, 0x0000000709300000| Untracked 
| 118|0x0000000709400000, 0x0000000709400000, 0x0000000709500000|  0%| F|  |TAMS 0x0000000709400000, 0x0000000709400000| Untracked 
| 119|0x0000000709500000, 0x0000000709500000, 0x0000000709600000|  0%| F|  |TAMS 0x0000000709500000, 0x0000000709500000| Untracked 
| 120|0x0000000709600000, 0x0000000709600000, 0x0000000709700000|  0%| F|  |TAMS 0x0000000709600000, 0x0000000709600000| Untracked 
| 121|0x0000000709700000, 0x0000000709700000, 0x0000000709800000|  0%| F|  |TAMS 0x0000000709700000, 0x0000000709700000| Untracked 
| 122|0x0000000709800000, 0x0000000709800000, 0x0000000709900000|  0%| F|  |TAMS 0x0000000709800000, 0x0000000709800000| Untracked 
| 123|0x0000000709900000, 0x0000000709900000, 0x0000000709a00000|  0%| F|  |TAMS 0x0000000709900000, 0x0000000709900000| Untracked 
| 124|0x0000000709a00000, 0x0000000709a00000, 0x0000000709b00000|  0%| F|  |TAMS 0x0000000709a00000, 0x0000000709a00000| Untracked 
| 125|0x0000000709b00000, 0x0000000709b00000, 0x0000000709c00000|  0%| F|  |TAMS 0x0000000709b00000, 0x0000000709b00000| Untracked 
| 126|0x0000000709c00000, 0x0000000709c00000, 0x0000000709d00000|  0%| F|  |TAMS 0x0000000709c00000, 0x0000000709c00000| Untracked 
| 127|0x0000000709d00000, 0x0000000709d00000, 0x0000000709e00000|  0%| F|  |TAMS 0x0000000709d00000, 0x0000000709d00000| Untracked 
| 128|0x0000000709e00000, 0x0000000709e00000, 0x0000000709f00000|  0%| F|  |TAMS 0x0000000709e00000, 0x0000000709e00000| Untracked 
| 129|0x0000000709f00000, 0x0000000709f00000, 0x000000070a000000|  0%| F|  |TAMS 0x0000000709f00000, 0x0000000709f00000| Untracked 
| 130|0x000000070a000000, 0x000000070a000000, 0x000000070a100000|  0%| F|  |TAMS 0x000000070a000000, 0x000000070a000000| Untracked 
| 131|0x000000070a100000, 0x000000070a100000, 0x000000070a200000|  0%| F|  |TAMS 0x000000070a100000, 0x000000070a100000| Untracked 
| 132|0x000000070a200000, 0x000000070a200000, 0x000000070a300000|  0%| F|  |TAMS 0x000000070a200000, 0x000000070a200000| Untracked 
| 133|0x000000070a300000, 0x000000070a300000, 0x000000070a400000|  0%| F|  |TAMS 0x000000070a300000, 0x000000070a300000| Untracked 
| 134|0x000000070a400000, 0x000000070a400000, 0x000000070a500000|  0%| F|  |TAMS 0x000000070a400000, 0x000000070a400000| Untracked 
| 135|0x000000070a500000, 0x000000070a500000, 0x000000070a600000|  0%| F|  |TAMS 0x000000070a500000, 0x000000070a500000| Untracked 
| 136|0x000000070a600000, 0x000000070a600000, 0x000000070a700000|  0%| F|  |TAMS 0x000000070a600000, 0x000000070a600000| Untracked 
| 137|0x000000070a700000, 0x000000070a700000, 0x000000070a800000|  0%| F|  |TAMS 0x000000070a700000, 0x000000070a700000| Untracked 
| 138|0x000000070a800000, 0x000000070a800000, 0x000000070a900000|  0%| F|  |TAMS 0x000000070a800000, 0x000000070a800000| Untracked 
| 139|0x000000070a900000, 0x000000070a900000, 0x000000070aa00000|  0%| F|  |TAMS 0x000000070a900000, 0x000000070a900000| Untracked 
| 140|0x000000070aa00000, 0x000000070aa00000, 0x000000070ab00000|  0%| F|  |TAMS 0x000000070aa00000, 0x000000070aa00000| Untracked 
| 141|0x000000070ab00000, 0x000000070ab00000, 0x000000070ac00000|  0%| F|  |TAMS 0x000000070ab00000, 0x000000070ab00000| Untracked 
| 142|0x000000070ac00000, 0x000000070ac00000, 0x000000070ad00000|  0%| F|  |TAMS 0x000000070ac00000, 0x000000070ac00000| Untracked 
| 143|0x000000070ad00000, 0x000000070ad00000, 0x000000070ae00000|  0%| F|  |TAMS 0x000000070ad00000, 0x000000070ad00000| Untracked 
| 144|0x000000070ae00000, 0x000000070ae00000, 0x000000070af00000|  0%| F|  |TAMS 0x000000070ae00000, 0x000000070ae00000| Untracked 
| 145|0x000000070af00000, 0x000000070af00000, 0x000000070b000000|  0%| F|  |TAMS 0x000000070af00000, 0x000000070af00000| Untracked 
| 146|0x000000070b000000, 0x000000070b000000, 0x000000070b100000|  0%| F|  |TAMS 0x000000070b000000, 0x000000070b000000| Untracked 
| 147|0x000000070b100000, 0x000000070b100000, 0x000000070b200000|  0%| F|  |TAMS 0x000000070b100000, 0x000000070b100000| Untracked 
| 148|0x000000070b200000, 0x000000070b200000, 0x000000070b300000|  0%| F|  |TAMS 0x000000070b200000, 0x000000070b200000| Untracked 
| 149|0x000000070b300000, 0x000000070b300000, 0x000000070b400000|  0%| F|  |TAMS 0x000000070b300000, 0x000000070b300000| Untracked 
| 150|0x000000070b400000, 0x000000070b400000, 0x000000070b500000|  0%| F|  |TAMS 0x000000070b400000, 0x000000070b400000| Untracked 
| 151|0x000000070b500000, 0x000000070b500000, 0x000000070b600000|  0%| F|  |TAMS 0x000000070b500000, 0x000000070b500000| Untracked 
| 152|0x000000070b600000, 0x000000070b600000, 0x000000070b700000|  0%| F|  |TAMS 0x000000070b600000, 0x000000070b600000| Untracked 
| 153|0x000000070b700000, 0x000000070b700000, 0x000000070b800000|  0%| F|  |TAMS 0x000000070b700000, 0x000000070b700000| Untracked 
| 154|0x000000070b800000, 0x000000070b800000, 0x000000070b900000|  0%| F|  |TAMS 0x000000070b800000, 0x000000070b800000| Untracked 
| 155|0x000000070b900000, 0x000000070b900000, 0x000000070ba00000|  0%| F|  |TAMS 0x000000070b900000, 0x000000070b900000| Untracked 
| 156|0x000000070ba00000, 0x000000070ba00000, 0x000000070bb00000|  0%| F|  |TAMS 0x000000070ba00000, 0x000000070ba00000| Untracked 
| 157|0x000000070bb00000, 0x000000070bb00000, 0x000000070bc00000|  0%| F|  |TAMS 0x000000070bb00000, 0x000000070bb00000| Untracked 
| 158|0x000000070bc00000, 0x000000070bc00000, 0x000000070bd00000|  0%| F|  |TAMS 0x000000070bc00000, 0x000000070bc00000| Untracked 
| 159|0x000000070bd00000, 0x000000070bd00000, 0x000000070be00000|  0%| F|  |TAMS 0x000000070bd00000, 0x000000070bd00000| Untracked 
| 160|0x000000070be00000, 0x000000070be00000, 0x000000070bf00000|  0%| F|  |TAMS 0x000000070be00000, 0x000000070be00000| Untracked 
| 161|0x000000070bf00000, 0x000000070bf00000, 0x000000070c000000|  0%| F|  |TAMS 0x000000070bf00000, 0x000000070bf00000| Untracked 
| 162|0x000000070c000000, 0x000000070c000000, 0x000000070c100000|  0%| F|  |TAMS 0x000000070c000000, 0x000000070c000000| Untracked 
| 163|0x000000070c100000, 0x000000070c100000, 0x000000070c200000|  0%| F|  |TAMS 0x000000070c100000, 0x000000070c100000| Untracked 
| 164|0x000000070c200000, 0x000000070c200000, 0x000000070c300000|  0%| F|  |TAMS 0x000000070c200000, 0x000000070c200000| Untracked 
| 165|0x000000070c300000, 0x000000070c300000, 0x000000070c400000|  0%| F|  |TAMS 0x000000070c300000, 0x000000070c300000| Untracked 
| 166|0x000000070c400000, 0x000000070c400000, 0x000000070c500000|  0%| F|  |TAMS 0x000000070c400000, 0x000000070c400000| Untracked 
| 167|0x000000070c500000, 0x000000070c500000, 0x000000070c600000|  0%| F|  |TAMS 0x000000070c500000, 0x000000070c500000| Untracked 
| 168|0x000000070c600000, 0x000000070c600000, 0x000000070c700000|  0%| F|  |TAMS 0x000000070c600000, 0x000000070c600000| Untracked 
| 169|0x000000070c700000, 0x000000070c700000, 0x000000070c800000|  0%| F|  |TAMS 0x000000070c700000, 0x000000070c700000| Untracked 
| 170|0x000000070c800000, 0x000000070c800000, 0x000000070c900000|  0%| F|  |TAMS 0x000000070c800000, 0x000000070c800000| Untracked 
| 171|0x000000070c900000, 0x000000070c900000, 0x000000070ca00000|  0%| F|  |TAMS 0x000000070c900000, 0x000000070c900000| Untracked 
| 172|0x000000070ca00000, 0x000000070ca00000, 0x000000070cb00000|  0%| F|  |TAMS 0x000000070ca00000, 0x000000070ca00000| Untracked 
| 173|0x000000070cb00000, 0x000000070cb00000, 0x000000070cc00000|  0%| F|  |TAMS 0x000000070cb00000, 0x000000070cb00000| Untracked 
| 174|0x000000070cc00000, 0x000000070cc00000, 0x000000070cd00000|  0%| F|  |TAMS 0x000000070cc00000, 0x000000070cc00000| Untracked 
| 175|0x000000070cd00000, 0x000000070cd00000, 0x000000070ce00000|  0%| F|  |TAMS 0x000000070cd00000, 0x000000070cd00000| Untracked 
| 176|0x000000070ce00000, 0x000000070ce00000, 0x000000070cf00000|  0%| F|  |TAMS 0x000000070ce00000, 0x000000070ce00000| Untracked 
| 177|0x000000070cf00000, 0x000000070cf00000, 0x000000070d000000|  0%| F|  |TAMS 0x000000070cf00000, 0x000000070cf00000| Untracked 
| 178|0x000000070d000000, 0x000000070d000000, 0x000000070d100000|  0%| F|  |TAMS 0x000000070d000000, 0x000000070d000000| Untracked 
| 179|0x000000070d100000, 0x000000070d100000, 0x000000070d200000|  0%| F|  |TAMS 0x000000070d100000, 0x000000070d100000| Untracked 
| 180|0x000000070d200000, 0x000000070d200000, 0x000000070d300000|  0%| F|  |TAMS 0x000000070d200000, 0x000000070d200000| Untracked 
| 181|0x000000070d300000, 0x000000070d300000, 0x000000070d400000|  0%| F|  |TAMS 0x000000070d300000, 0x000000070d300000| Untracked 
| 182|0x000000070d400000, 0x000000070d400000, 0x000000070d500000|  0%| F|  |TAMS 0x000000070d400000, 0x000000070d400000| Untracked 
| 183|0x000000070d500000, 0x000000070d500000, 0x000000070d600000|  0%| F|  |TAMS 0x000000070d500000, 0x000000070d500000| Untracked 
| 184|0x000000070d600000, 0x000000070d600000, 0x000000070d700000|  0%| F|  |TAMS 0x000000070d600000, 0x000000070d600000| Untracked 
| 185|0x000000070d700000, 0x000000070d700000, 0x000000070d800000|  0%| F|  |TAMS 0x000000070d700000, 0x000000070d700000| Untracked 
| 186|0x000000070d800000, 0x000000070d800000, 0x000000070d900000|  0%| F|  |TAMS 0x000000070d800000, 0x000000070d800000| Untracked 
| 187|0x000000070d900000, 0x000000070d900000, 0x000000070da00000|  0%| F|  |TAMS 0x000000070d900000, 0x000000070d900000| Untracked 
| 188|0x000000070da00000, 0x000000070da00000, 0x000000070db00000|  0%| F|  |TAMS 0x000000070da00000, 0x000000070da00000| Untracked 
| 189|0x000000070db00000, 0x000000070db00000, 0x000000070dc00000|  0%| F|  |TAMS 0x000000070db00000, 0x000000070db00000| Untracked 
| 190|0x000000070dc00000, 0x000000070dc00000, 0x000000070dd00000|  0%| F|  |TAMS 0x000000070dc00000, 0x000000070dc00000| Untracked 
| 191|0x000000070dd00000, 0x000000070dd00000, 0x000000070de00000|  0%| F|  |TAMS 0x000000070dd00000, 0x000000070dd00000| Untracked 
| 192|0x000000070de00000, 0x000000070de00000, 0x000000070df00000|  0%| F|  |TAMS 0x000000070de00000, 0x000000070de00000| Untracked 
| 193|0x000000070df00000, 0x000000070df00000, 0x000000070e000000|  0%| F|  |TAMS 0x000000070df00000, 0x000000070df00000| Untracked 
| 194|0x000000070e000000, 0x000000070e000000, 0x000000070e100000|  0%| F|  |TAMS 0x000000070e000000, 0x000000070e000000| Untracked 
| 195|0x000000070e100000, 0x000000070e100000, 0x000000070e200000|  0%| F|  |TAMS 0x000000070e100000, 0x000000070e100000| Untracked 
| 196|0x000000070e200000, 0x000000070e200000, 0x000000070e300000|  0%| F|  |TAMS 0x000000070e200000, 0x000000070e200000| Untracked 
| 197|0x000000070e300000, 0x000000070e300000, 0x000000070e400000|  0%| F|  |TAMS 0x000000070e300000, 0x000000070e300000| Untracked 
| 198|0x000000070e400000, 0x000000070e400000, 0x000000070e500000|  0%| F|  |TAMS 0x000000070e400000, 0x000000070e400000| Untracked 
| 199|0x000000070e500000, 0x000000070e500000, 0x000000070e600000|  0%| F|  |TAMS 0x000000070e500000, 0x000000070e500000| Untracked 
| 200|0x000000070e600000, 0x000000070e600000, 0x000000070e700000|  0%| F|  |TAMS 0x000000070e600000, 0x000000070e600000| Untracked 
| 201|0x000000070e700000, 0x000000070e700000, 0x000000070e800000|  0%| F|  |TAMS 0x000000070e700000, 0x000000070e700000| Untracked 
| 202|0x000000070e800000, 0x000000070e800000, 0x000000070e900000|  0%| F|  |TAMS 0x000000070e800000, 0x000000070e800000| Untracked 
| 203|0x000000070e900000, 0x000000070e900000, 0x000000070ea00000|  0%| F|  |TAMS 0x000000070e900000, 0x000000070e900000| Untracked 
| 204|0x000000070ea00000, 0x000000070ea00000, 0x000000070eb00000|  0%| F|  |TAMS 0x000000070ea00000, 0x000000070ea00000| Untracked 
| 205|0x000000070eb00000, 0x000000070eb00000, 0x000000070ec00000|  0%| F|  |TAMS 0x000000070eb00000, 0x000000070eb00000| Untracked 
| 206|0x000000070ec00000, 0x000000070ec00000, 0x000000070ed00000|  0%| F|  |TAMS 0x000000070ec00000, 0x000000070ec00000| Untracked 
| 207|0x000000070ed00000, 0x000000070ed00000, 0x000000070ee00000|  0%| F|  |TAMS 0x000000070ed00000, 0x000000070ed00000| Untracked 
| 208|0x000000070ee00000, 0x000000070ee00000, 0x000000070ef00000|  0%| F|  |TAMS 0x000000070ee00000, 0x000000070ee00000| Untracked 
| 209|0x000000070ef00000, 0x000000070ef00000, 0x000000070f000000|  0%| F|  |TAMS 0x000000070ef00000, 0x000000070ef00000| Untracked 
| 210|0x000000070f000000, 0x000000070f000000, 0x000000070f100000|  0%| F|  |TAMS 0x000000070f000000, 0x000000070f000000| Untracked 
| 211|0x000000070f100000, 0x000000070f100000, 0x000000070f200000|  0%| F|  |TAMS 0x000000070f100000, 0x000000070f100000| Untracked 
| 212|0x000000070f200000, 0x000000070f200000, 0x000000070f300000|  0%| F|  |TAMS 0x000000070f200000, 0x000000070f200000| Untracked 
| 213|0x000000070f300000, 0x000000070f300000, 0x000000070f400000|  0%| F|  |TAMS 0x000000070f300000, 0x000000070f300000| Untracked 
| 214|0x000000070f400000, 0x000000070f400000, 0x000000070f500000|  0%| F|  |TAMS 0x000000070f400000, 0x000000070f400000| Untracked 
| 215|0x000000070f500000, 0x000000070f500000, 0x000000070f600000|  0%| F|  |TAMS 0x000000070f500000, 0x000000070f500000| Untracked 
| 216|0x000000070f600000, 0x000000070f600000, 0x000000070f700000|  0%| F|  |TAMS 0x000000070f600000, 0x000000070f600000| Untracked 
| 217|0x000000070f700000, 0x000000070f700000, 0x000000070f800000|  0%| F|  |TAMS 0x000000070f700000, 0x000000070f700000| Untracked 
| 218|0x000000070f800000, 0x000000070f800000, 0x000000070f900000|  0%| F|  |TAMS 0x000000070f800000, 0x000000070f800000| Untracked 
| 219|0x000000070f900000, 0x000000070f900000, 0x000000070fa00000|  0%| F|  |TAMS 0x000000070f900000, 0x000000070f900000| Untracked 
| 220|0x000000070fa00000, 0x000000070fa00000, 0x000000070fb00000|  0%| F|  |TAMS 0x000000070fa00000, 0x000000070fa00000| Untracked 
| 221|0x000000070fb00000, 0x000000070fb00000, 0x000000070fc00000|  0%| F|  |TAMS 0x000000070fb00000, 0x000000070fb00000| Untracked 
| 222|0x000000070fc00000, 0x000000070fc00000, 0x000000070fd00000|  0%| F|  |TAMS 0x000000070fc00000, 0x000000070fc00000| Untracked 
| 223|0x000000070fd00000, 0x000000070fd00000, 0x000000070fe00000|  0%| F|  |TAMS 0x000000070fd00000, 0x000000070fd00000| Untracked 
| 224|0x000000070fe00000, 0x000000070fe00000, 0x000000070ff00000|  0%| F|  |TAMS 0x000000070fe00000, 0x000000070fe00000| Untracked 
| 225|0x000000070ff00000, 0x000000070ff00000, 0x0000000710000000|  0%| F|  |TAMS 0x000000070ff00000, 0x000000070ff00000| Untracked 
| 226|0x0000000710000000, 0x0000000710000000, 0x0000000710100000|  0%| F|  |TAMS 0x0000000710000000, 0x0000000710000000| Untracked 
| 227|0x0000000710100000, 0x0000000710100000, 0x0000000710200000|  0%| F|  |TAMS 0x0000000710100000, 0x0000000710100000| Untracked 
| 228|0x0000000710200000, 0x0000000710200000, 0x0000000710300000|  0%| F|  |TAMS 0x0000000710200000, 0x0000000710200000| Untracked 
| 229|0x0000000710300000, 0x0000000710300000, 0x0000000710400000|  0%| F|  |TAMS 0x0000000710300000, 0x0000000710300000| Untracked 
| 230|0x0000000710400000, 0x0000000710400000, 0x0000000710500000|  0%| F|  |TAMS 0x0000000710400000, 0x0000000710400000| Untracked 
| 231|0x0000000710500000, 0x0000000710500000, 0x0000000710600000|  0%| F|  |TAMS 0x0000000710500000, 0x0000000710500000| Untracked 
| 232|0x0000000710600000, 0x0000000710600000, 0x0000000710700000|  0%| F|  |TAMS 0x0000000710600000, 0x0000000710600000| Untracked 
| 233|0x0000000710700000, 0x0000000710700000, 0x0000000710800000|  0%| F|  |TAMS 0x0000000710700000, 0x0000000710700000| Untracked 
| 234|0x0000000710800000, 0x0000000710800000, 0x0000000710900000|  0%| F|  |TAMS 0x0000000710800000, 0x0000000710800000| Untracked 
| 235|0x0000000710900000, 0x0000000710900000, 0x0000000710a00000|  0%| F|  |TAMS 0x0000000710900000, 0x0000000710900000| Untracked 
| 236|0x0000000710a00000, 0x0000000710a00000, 0x0000000710b00000|  0%| F|  |TAMS 0x0000000710a00000, 0x0000000710a00000| Untracked 
| 237|0x0000000710b00000, 0x0000000710b00000, 0x0000000710c00000|  0%| F|  |TAMS 0x0000000710b00000, 0x0000000710b00000| Untracked 
| 238|0x0000000710c00000, 0x0000000710c00000, 0x0000000710d00000|  0%| F|  |TAMS 0x0000000710c00000, 0x0000000710c00000| Untracked 
| 239|0x0000000710d00000, 0x0000000710d00000, 0x0000000710e00000|  0%| F|  |TAMS 0x0000000710d00000, 0x0000000710d00000| Untracked 
| 240|0x0000000710e00000, 0x0000000710ed8ba0, 0x0000000710f00000| 84%| S|CS|TAMS 0x0000000710e00000, 0x0000000710e00000| Complete 
| 241|0x0000000710f00000, 0x0000000711000000, 0x0000000711000000|100%| S|CS|TAMS 0x0000000710f00000, 0x0000000710f00000| Complete 
| 242|0x0000000711000000, 0x0000000711100000, 0x0000000711100000|100%| S|CS|TAMS 0x0000000711000000, 0x0000000711000000| Complete 
| 243|0x0000000711100000, 0x0000000711200000, 0x0000000711200000|100%| S|CS|TAMS 0x0000000711100000, 0x0000000711100000| Complete 
| 244|0x0000000711200000, 0x0000000711300000, 0x0000000711300000|100%| S|CS|TAMS 0x0000000711200000, 0x0000000711200000| Complete 
| 245|0x0000000711300000, 0x0000000711300000, 0x0000000711400000|  0%| F|  |TAMS 0x0000000711300000, 0x0000000711300000| Untracked 
| 246|0x0000000711400000, 0x0000000711400000, 0x0000000711500000|  0%| F|  |TAMS 0x0000000711400000, 0x0000000711400000| Untracked 
| 247|0x0000000711500000, 0x0000000711500000, 0x0000000711600000|  0%| F|  |TAMS 0x0000000711500000, 0x0000000711500000| Untracked 
| 248|0x0000000711600000, 0x0000000711600000, 0x0000000711700000|  0%| F|  |TAMS 0x0000000711600000, 0x0000000711600000| Untracked 
| 249|0x0000000711700000, 0x0000000711700000, 0x0000000711800000|  0%| F|  |TAMS 0x0000000711700000, 0x0000000711700000| Untracked 
| 250|0x0000000711800000, 0x0000000711800000, 0x0000000711900000|  0%| F|  |TAMS 0x0000000711800000, 0x0000000711800000| Untracked 
| 251|0x0000000711900000, 0x0000000711900000, 0x0000000711a00000|  0%| F|  |TAMS 0x0000000711900000, 0x0000000711900000| Untracked 
| 252|0x0000000711a00000, 0x0000000711a00000, 0x0000000711b00000|  0%| F|  |TAMS 0x0000000711a00000, 0x0000000711a00000| Untracked 
| 253|0x0000000711b00000, 0x0000000711b00000, 0x0000000711c00000|  0%| F|  |TAMS 0x0000000711b00000, 0x0000000711b00000| Untracked 
| 254|0x0000000711c00000, 0x0000000711c00000, 0x0000000711d00000|  0%| F|  |TAMS 0x0000000711c00000, 0x0000000711c00000| Untracked 
| 255|0x0000000711d00000, 0x0000000711d00000, 0x0000000711e00000|  0%| F|  |TAMS 0x0000000711d00000, 0x0000000711d00000| Untracked 

Card table byte_map: [0x000001fd63700000,0x000001fd63f00000] _byte_map_base: 0x000001fd5fef1000

Marking Bits (Prev, Next): (CMBitMap*) 0x000001fd4b5822f0, (CMBitMap*) 0x000001fd4b5822b8
 Prev Bits: [0x000001fd68690000, 0x000001fd6c618000)
 Next Bits: [0x000001fd64700000, 0x000001fd68688000)

Polling page: 0x000001fd49490000

Metaspace:

Usage:
  Non-class:     30.43 MB capacity,    29.79 MB ( 98%) used,   533.88 KB (  2%) free+waste,   123.38 KB ( <1%) overhead. 
      Class:      4.50 MB capacity,     4.12 MB ( 92%) used,   327.62 KB (  7%) free+waste,    60.00 KB (  1%) overhead. 
       Both:     34.93 MB capacity,    33.91 MB ( 97%) used,   861.49 KB (  2%) free+waste,   183.38 KB ( <1%) overhead. 

Virtual space:
  Non-class space:       32.00 MB reserved,      30.50 MB ( 95%) committed 
      Class space:        1.00 GB reserved,       4.50 MB ( <1%) committed 
             Both:        1.03 GB reserved,      35.00 MB (  3%) committed 

Chunk freelists:
   Non-Class:  512 bytes
       Class:  0 bytes
        Both:  512 bytes

CodeHeap 'non-profiled nmethods': size=120000Kb used=1463Kb max_used=1463Kb free=118536Kb
 bounds [0x000001fd5b470000, 0x000001fd5b6e0000, 0x000001fd629a0000]
CodeHeap 'profiled nmethods': size=120000Kb used=7027Kb max_used=7027Kb free=112972Kb
 bounds [0x000001fd53f40000, 0x000001fd54620000, 0x000001fd5b470000]
CodeHeap 'non-nmethods': size=5760Kb used=1136Kb max_used=1192Kb free=4623Kb
 bounds [0x000001fd539a0000, 0x000001fd53c10000, 0x000001fd53f40000]
 total_blobs=3626 nmethods=3172 adapters=365
 compilation: enabled
              stopped_count=0, restarted_count=0
 full_count=0

Compilation events (10 events):
Event: 3.716 Thread 0x000001fd6fcd4800 nmethod 3168 0x000001fd5461bc10 code [0x000001fd5461bda0, 0x000001fd5461be98]
Event: 3.716 Thread 0x000001fd6fcd4800 3177       3       org.springframework.beans.factory.support.AbstractBeanFactory::hasBeanCreationStarted (18 bytes)
Event: 3.716 Thread 0x000001fd6fcd4800 nmethod 3177 0x000001fd5461bf10 code [0x000001fd5461c0c0, 0x000001fd5461c2e8]
Event: 3.718 Thread 0x000001fd6fcc2800 nmethod 3174 0x000001fd5b5d8d10 code [0x000001fd5b5d8ec0, 0x000001fd5b5d9148]
Event: 3.718 Thread 0x000001fd6fcc2800 3176       4       java.util.IdentityHashMap::get (60 bytes)
Event: 3.719 Thread 0x000001fd6fcd4800 3178       3       java.lang.ClassLoader::definePackage (53 bytes)
Event: 3.719 Thread 0x000001fd6fcd4800 nmethod 3178 0x000001fd5461c390 code [0x000001fd5461c580, 0x000001fd5461cad8]
Event: 3.720 Thread 0x000001fd719e7800 nmethod 3175 0x000001fd5b5d9310 code [0x000001fd5b5d94c0, 0x000001fd5b5d97f8]
Event: 3.721 Thread 0x000001fd6fcc2800 nmethod 3176 0x000001fd5b5d9b10 code [0x000001fd5b5d9ca0, 0x000001fd5b5d9e68]
Event: 3.723 Thread 0x000001fd6fe67000 nmethod 3117 0x000001fd5b5da010 code [0x000001fd5b5da2c0, 0x000001fd5b5dcaf0]

GC Heap History (9 events):
Event: 1.033 GC heap before
{Heap before GC invocations=0 (full 0):
 garbage-first heap   total 262144K, used 24576K [0x0000000701e00000, 0x0000000800000000)
  region size 1024K, 24 young (24576K), 0 survivors (0K)
 Metaspace       used 11314K, capacity 11728K, committed 11904K, reserved 1060864K
  class space    used 1168K, capacity 1299K, committed 1408K, reserved 1048576K
}
Event: 1.041 GC heap after
{Heap after GC invocations=1 (full 0):
 garbage-first heap   total 262144K, used 7975K [0x0000000701e00000, 0x0000000800000000)
  region size 1024K, 3 young (3072K), 3 survivors (3072K)
 Metaspace       used 11314K, capacity 11728K, committed 11904K, reserved 1060864K
  class space    used 1168K, capacity 1299K, committed 1408K, reserved 1048576K
}
Event: 2.031 GC heap before
{Heap before GC invocations=1 (full 0):
 garbage-first heap   total 262144K, used 55079K [0x0000000701e00000, 0x0000000800000000)
  region size 1024K, 50 young (51200K), 3 survivors (3072K)
 Metaspace       used 20515K, capacity 21155K, committed 21248K, reserved 1069056K
  class space    used 2270K, capacity 2528K, committed 2560K, reserved 1048576K
}
Event: 2.039 GC heap after
{Heap after GC invocations=2 (full 0):
 garbage-first heap   total 262144K, used 10919K [0x0000000701e00000, 0x0000000800000000)
  region size 1024K, 6 young (6144K), 6 survivors (6144K)
 Metaspace       used 20515K, capacity 21155K, committed 21248K, reserved 1069056K
  class space    used 2270K, capacity 2528K, committed 2560K, reserved 1048576K
}
Event: 2.570 GC heap before
{Heap before GC invocations=3 (full 0):
 garbage-first heap   total 262144K, used 58023K [0x0000000701e00000, 0x0000000800000000)
  region size 1024K, 53 young (54272K), 6 survivors (6144K)
 Metaspace       used 26040K, capacity 26936K, committed 27008K, reserved 1073152K
  class space    used 3115K, capacity 3430K, committed 3456K, reserved 1048576K
}
Event: 2.578 GC heap after
{Heap after GC invocations=4 (full 0):
 garbage-first heap   total 262144K, used 12984K [0x0000000701e00000, 0x0000000800000000)
  region size 1024K, 5 young (5120K), 5 survivors (5120K)
 Metaspace       used 26040K, capacity 26936K, committed 27008K, reserved 1073152K
  class space    used 3115K, capacity 3430K, committed 3456K, reserved 1048576K
}
Event: 3.559 GC heap before
{Heap before GC invocations=4 (full 0):
 garbage-first heap   total 262144K, used 81592K [0x0000000701e00000, 0x0000000800000000)
  region size 1024K, 72 young (73728K), 5 survivors (5120K)
 Metaspace       used 33160K, capacity 34203K, committed 34432K, reserved 1079296K
  class space    used 4006K, capacity 4407K, committed 4480K, reserved 1048576K
}
Event: 3.566 GC heap after
{Heap after GC invocations=5 (full 0):
 garbage-first heap   total 262144K, used 15756K [0x0000000701e00000, 0x0000000800000000)
  region size 1024K, 5 young (5120K), 5 survivors (5120K)
 Metaspace       used 33160K, capacity 34203K, committed 34432K, reserved 1079296K
  class space    used 4006K, capacity 4407K, committed 4480K, reserved 1048576K
}
Event: 3.744 GC heap before
{Heap before GC invocations=5 (full 0):
 garbage-first heap   total 262144K, used 25996K [0x0000000701e00000, 0x0000000800000000)
  region size 1024K, 16 young (16384K), 5 survivors (5120K)
 Metaspace       used 34727K, capacity 35772K, committed 35840K, reserved 1081344K
  class space    used 4220K, capacity 4608K, committed 4608K, reserved 1048576K
}

Deoptimization events (10 events):
Event: 3.145 Thread 0x000001fd4b525000 Uncommon trap: reason=class_check action=maybe_recompile pc=0x000001fd5b5562b0 method=java.lang.invoke.MemberName.getMethodType()Ljava/lang/invoke/MethodType; @ 39 c2
Event: 3.438 Thread 0x000001fd4b525000 Uncommon trap: reason=predicate action=maybe_recompile pc=0x000001fd5b5be66c method=java.util.AbstractCollection.toArray([Ljava/lang/Object;)[Ljava/lang/Object; @ 43 c2
Event: 3.446 Thread 0x000001fd4b525000 Uncommon trap: reason=array_check action=maybe_recompile pc=0x000001fd5b5c04a8 method=java.util.AbstractCollection.toArray([Ljava/lang/Object;)[Ljava/lang/Object; @ 116 c2
Event: 3.455 Thread 0x000001fd4b525000 Uncommon trap: reason=unstable_if action=reinterpret pc=0x000001fd5b53c938 method=java.util.Arrays.equals([Ljava/lang/Object;[Ljava/lang/Object;)Z @ 44 c2
Event: 3.465 Thread 0x000001fd4b525000 Uncommon trap: reason=array_check action=maybe_recompile pc=0x000001fd5b5c04a8 method=java.util.AbstractCollection.toArray([Ljava/lang/Object;)[Ljava/lang/Object; @ 116 c2
Event: 3.465 Thread 0x000001fd4b525000 Uncommon trap: reason=array_check action=maybe_recompile pc=0x000001fd5b5c04a8 method=java.util.AbstractCollection.toArray([Ljava/lang/Object;)[Ljava/lang/Object; @ 116 c2
Event: 3.465 Thread 0x000001fd4b525000 Uncommon trap: reason=array_check action=maybe_recompile pc=0x000001fd5b5c04a8 method=java.util.AbstractCollection.toArray([Ljava/lang/Object;)[Ljava/lang/Object; @ 116 c2
Event: 3.599 Thread 0x000001fd4b525000 Uncommon trap: reason=unstable_if action=reinterpret pc=0x000001fd5b5ce70c method=org.springframework.beans.factory.support.AbstractBeanFactory.getMergedLocalBeanDefinition(Ljava/lang/String;)Lorg/springframework/beans/factory/support/RootBeanDefinition; 
Event: 3.609 Thread 0x000001fd4b525000 Uncommon trap: reason=unstable_if action=reinterpret pc=0x000001fd5b5d2320 method=org.springframework.beans.factory.support.DefaultSingletonBeanRegistry.getSingleton(Ljava/lang/String;Z)Ljava/lang/Object; @ 20 c2
Event: 3.702 Thread 0x000001fd4b525000 Uncommon trap: reason=unstable_if action=reinterpret pc=0x000001fd5b54cf34 method=org.springframework.util.ConcurrentReferenceHashMap$Segment.findInChain(Lorg/springframework/util/ConcurrentReferenceHashMap$Reference;Ljava/lang/Object;I)Lorg/springframewo

Classes redefined (0 events):
No events

Internal exceptions (10 events):
Event: 2.795 Thread 0x000001fd714f3000 Exception <a 'java/lang/NoSuchMethodError'{0x0000000710e52608}: java.lang.invoke.DelegatingMethodHandle$Holder.reinvoke_L(Ljava/lang/Object;IILjava/lang/Object;Ljava/lang/Object;Ljava/lang/Object;)Ljava/lang/Object;> (0x0000000710e52608) thrown at [./open
Event: 2.796 Thread 0x000001fd714f3000 Exception <a 'java/lang/NoSuchMethodError'{0x0000000710e564e8}: java.lang.invoke.DirectMethodHandle$Holder.invokeStatic(Ljava/lang/Object;Ljava/lang/Object;Ljava/lang/Object;Ljava/lang/Object;I)Ljava/lang/Object;> (0x0000000710e564e8) thrown at [./open/sr
Event: 3.037 Thread 0x000001fd4b525000 Exception <a 'java/lang/IncompatibleClassChangeError'{0x000000070f40a200}: Found class java.lang.Object, but interface was expected> (0x000000070f40a200) thrown at [./open/src/hotspot/share/interpreter/linkResolver.cpp, line 838]
Event: 3.146 Thread 0x000001fd714f3000 Exception <a 'java/lang/NoSuchMethodError'{0x000000070e34d8c0}: java.lang.invoke.DirectMethodHandle$Holder.invokeSpecial(Ljava/lang/Object;Ljava/lang/Object;)J> (0x000000070e34d8c0) thrown at [./open/src/hotspot/share/interpreter/linkResolver.cpp, line 77
Event: 3.146 Thread 0x000001fd4b525000 Exception <a 'java/lang/NoSuchMethodError'{0x000000070e397368}: java.lang.invoke.DelegatingMethodHandle$Holder.delegate(Ljava/lang/Object;Ljava/lang/Object;ILjava/lang/Object;)V> (0x000000070e397368) thrown at [./open/src/hotspot/share/interpreter/linkRes
Event: 3.147 Thread 0x000001fd714f3000 Exception <a 'java/lang/NoSuchMethodError'{0x000000070e357c08}: java.lang.invoke.DirectMethodHandle$Holder.invokeStatic(Ljava/lang/Object;Ljava/lang/Object;)J> (0x000000070e357c08) thrown at [./open/src/hotspot/share/interpreter/linkResolver.cpp, line 772
Event: 3.148 Thread 0x000001fd714f3000 Exception <a 'java/lang/NoSuchMethodError'{0x000000070e35aa30}: java.lang.invoke.DirectMethodHandle$Holder.invokeStaticInit(Ljava/lang/Object;Ljava/lang/Object;)J> (0x000000070e35aa30) thrown at [./open/src/hotspot/share/interpreter/linkResolver.cpp, line
Event: 3.149 Thread 0x000001fd714f3000 Exception <a 'java/lang/NoSuchMethodError'{0x000000070e366ef0}: java.lang.invoke.DirectMethodHandle$Holder.invokeInterface(Ljava/lang/Object;Ljava/lang/Object;)J> (0x000000070e366ef0) thrown at [./open/src/hotspot/share/interpreter/linkResolver.cpp, line 
Event: 3.149 Thread 0x000001fd714f3000 Exception <a 'java/lang/IncompatibleClassChangeError'{0x000000070e369c88}: Found class java.lang.Object, but interface was expected> (0x000000070e369c88) thrown at [./open/src/hotspot/share/interpreter/linkResolver.cpp, line 838]
Event: 3.164 Thread 0x000001fd714f3000 Exception <a 'java/lang/NoSuchMethodError'{0x000000070e10c000}: java.lang.invoke.DirectMethodHandle$Holder.invokeVirtual(Ljava/lang/Object;Ljava/lang/Object;Ljava/lang/Object;Ljava/lang/Object;)Ljava/lang/Object;> (0x000000070e10c000) thrown at [./open/sr

Events (10 events):
Event: 3.741 loading class net/bytebuddy/utility/JavaModule$Dispatcher
Event: 3.741 loading class net/bytebuddy/utility/JavaModule$Dispatcher done
Event: 3.742 loading class net/bytebuddy/utility/JavaModule$Dispatcher$Enabled$WithInstrumentationSupport
Event: 3.742 loading class net/bytebuddy/utility/JavaModule$Dispatcher$Enabled$WithInstrumentationSupport done
Event: 3.742 loading class net/bytebuddy/utility/JavaModule$Dispatcher$Enabled
Event: 3.742 loading class net/bytebuddy/utility/JavaModule$Dispatcher$Enabled done
Event: 3.743 loading class java/lang/instrument/ClassFileTransformer
Event: 3.743 loading class java/lang/instrument/ClassFileTransformer done
Event: 3.743 loading class java/lang/instrument/UnmodifiableClassException
Event: 3.743 Executing VM operation: CollectForMetadataAllocation


Dynamic libraries:
0x00007ff73fad0000 - 0x00007ff73fadf000 	C:\Program Files\Java\jdk-11.0.10\bin\java.exe
0x00007ffc928a0000 - 0x00007ffc92aa7000 	C:\WINDOWS\SYSTEM32\ntdll.dll
0x00007ffc90730000 - 0x00007ffc907ed000 	C:\WINDOWS\System32\KERNEL32.DLL
0x00007ffc8fd80000 - 0x00007ffc900f4000 	C:\WINDOWS\System32\KERNELBASE.dll
0x00007ffc90480000 - 0x00007ffc90591000 	C:\WINDOWS\System32\ucrtbase.dll
0x00007ffc7e5f0000 - 0x00007ffc7e605000 	C:\Program Files\Java\jdk-11.0.10\bin\VCRUNTIME140.dll
0x00007ffc7e610000 - 0x00007ffc7e628000 	C:\Program Files\Java\jdk-11.0.10\bin\jli.dll
0x00007ffc918c0000 - 0x00007ffc9196c000 	C:\WINDOWS\System32\ADVAPI32.dll
0x00007ffc91d20000 - 0x00007ffc91dc3000 	C:\WINDOWS\System32\msvcrt.dll
0x00007ffc91340000 - 0x00007ffc913dd000 	C:\WINDOWS\System32\sechost.dll
0x00007ffc911a0000 - 0x00007ffc912c1000 	C:\WINDOWS\System32\RPCRT4.dll
0x00007ffc907f0000 - 0x00007ffc9099c000 	C:\WINDOWS\System32\USER32.dll
0x00007ffc79420000 - 0x00007ffc796c5000 	C:\WINDOWS\WinSxS\amd64_microsoft.windows.common-controls_6595b64144ccf1df_6.0.22000.120_none_9d947278b86cc467\COMCTL32.dll
0x00007ffc90240000 - 0x00007ffc90266000 	C:\WINDOWS\System32\win32u.dll
0x00007ffc92830000 - 0x00007ffc92859000 	C:\WINDOWS\System32\GDI32.dll
0x00007ffc90610000 - 0x00007ffc90722000 	C:\WINDOWS\System32\gdi32full.dll
0x00007ffc90270000 - 0x00007ffc9030d000 	C:\WINDOWS\System32\msvcp_win.dll
0x00007ffc88b20000 - 0x00007ffc88b2a000 	C:\WINDOWS\SYSTEM32\VERSION.dll
0x00007ffc91cb0000 - 0x00007ffc91ce1000 	C:\WINDOWS\System32\IMM32.DLL
0x00007ffc65710000 - 0x00007ffc657ab000 	C:\Program Files\Java\jdk-11.0.10\bin\msvcp140.dll
0x00007ffc19030000 - 0x00007ffc19b2b000 	C:\Program Files\Java\jdk-11.0.10\bin\server\jvm.dll
0x00007ffc917c0000 - 0x00007ffc917c8000 	C:\WINDOWS\System32\PSAPI.DLL
0x00007ffc7a110000 - 0x00007ffc7a119000 	C:\WINDOWS\SYSTEM32\WSOCK32.dll
0x00007ffc89190000 - 0x00007ffc891c3000 	C:\WINDOWS\SYSTEM32\WINMM.dll
0x00007ffc91f70000 - 0x00007ffc91fdf000 	C:\WINDOWS\System32\WS2_32.dll
0x00007ffc8ef90000 - 0x00007ffc8efa8000 	C:\WINDOWS\SYSTEM32\kernel.appcore.dll
0x00007ffc8bde0000 - 0x00007ffc8bdf0000 	C:\Program Files\Java\jdk-11.0.10\bin\verify.dll
0x00007ffc8da00000 - 0x00007ffc8dc21000 	C:\WINDOWS\SYSTEM32\DBGHELP.DLL
0x00007ffc7bba0000 - 0x00007ffc7bbd1000 	C:\WINDOWS\SYSTEM32\dbgcore.DLL
0x00007ffc901c0000 - 0x00007ffc90240000 	C:\WINDOWS\System32\bcryptPrimitives.dll
0x00007ffc7e010000 - 0x00007ffc7e038000 	C:\Program Files\Java\jdk-11.0.10\bin\java.dll
0x00007ffc8bc70000 - 0x00007ffc8bc7a000 	C:\Program Files\Java\jdk-11.0.10\bin\jimage.dll
0x00007ffc7e480000 - 0x00007ffc7e48e000 	C:\Program Files\Java\jdk-11.0.10\bin\instrument.dll
0x00007ffc7dfd0000 - 0x00007ffc7dfe6000 	C:\Program Files\Java\jdk-11.0.10\bin\zip.dll
0x00007ffc92000000 - 0x00007ffc927aa000 	C:\WINDOWS\System32\SHELL32.dll
0x00007ffc8df20000 - 0x00007ffc8e782000 	C:\WINDOWS\SYSTEM32\windows.storage.dll
0x00007ffc913e0000 - 0x00007ffc91758000 	C:\WINDOWS\System32\combase.dll
0x00007ffc8ddb0000 - 0x00007ffc8df16000 	C:\WINDOWS\SYSTEM32\wintypes.dll
0x00007ffc90c40000 - 0x00007ffc90d2a000 	C:\WINDOWS\System32\SHCORE.dll
0x00007ffc91860000 - 0x00007ffc918bd000 	C:\WINDOWS\System32\shlwapi.dll
0x00007ffc8fcb0000 - 0x00007ffc8fcd1000 	C:\WINDOWS\SYSTEM32\profapi.dll
0x00007ffc7dac0000 - 0x00007ffc7dad9000 	C:\Program Files\Java\jdk-11.0.10\bin\net.dll
0x00007ffc86ee0000 - 0x00007ffc86fec000 	C:\WINDOWS\SYSTEM32\WINHTTP.dll
0x00007ffc8f3a0000 - 0x00007ffc8f407000 	C:\WINDOWS\system32\mswsock.dll
0x00007ffc7daa0000 - 0x00007ffc7dab2000 	C:\Program Files\Java\jdk-11.0.10\bin\nio.dll
0x00007ffc7da60000 - 0x00007ffc7da7a000 	C:\Program Files\JetBrains\IntelliJ IDEA Community Edition 2021.2.2\bin\breakgen64.dll
0x00007ffc7dfc0000 - 0x00007ffc7dfc9000 	C:\Program Files\Java\jdk-11.0.10\bin\management.dll
0x00007ffc7dbd0000 - 0x00007ffc7dbdb000 	C:\Program Files\Java\jdk-11.0.10\bin\management_ext.dll
0x00007ffc79970000 - 0x00007ffc79987000 	C:\WINDOWS\system32\napinsp.dll
0x00007ffc79950000 - 0x00007ffc7996b000 	C:\WINDOWS\system32\pnrpnsp.dll
0x00007ffc8ea00000 - 0x00007ffc8eae7000 	C:\WINDOWS\SYSTEM32\DNSAPI.dll
0x00007ffc8e9d0000 - 0x00007ffc8e9fd000 	C:\WINDOWS\SYSTEM32\IPHLPAPI.DLL
0x00007ffc91970000 - 0x00007ffc91979000 	C:\WINDOWS\System32\NSI.dll
0x00007ffc79930000 - 0x00007ffc79942000 	C:\WINDOWS\System32\winrnr.dll
0x00007ffc79910000 - 0x00007ffc79925000 	C:\WINDOWS\system32\wshbth.dll
0x00007ffc798f0000 - 0x00007ffc7990f000 	C:\WINDOWS\system32\nlansp_c.dll
0x00007ffc84a20000 - 0x00007ffc84a2a000 	C:\Windows\System32\rasadhlp.dll
0x00007ffc85100000 - 0x00007ffc85181000 	C:\WINDOWS\System32\fwpuclnt.dll

dbghelp: loaded successfully - version: 4.0.5 - missing functions: none
symbol engine: initialized successfully - sym options: 0x614 - pdb path: .;C:\Program Files\Java\jdk-11.0.10\bin;C:\WINDOWS\SYSTEM32;C:\WINDOWS\WinSxS\amd64_microsoft.windows.common-controls_6595b64144ccf1df_6.0.22000.120_none_9d947278b86cc467;C:\Program Files\Java\jdk-11.0.10\bin\server;C:\Program Files\JetBrains\IntelliJ IDEA Community Edition 2021.2.2\bin

VM Arguments:
jvm_args: -ea -Didea.test.cyclic.buffer.size=1048576 -javaagent:C:\Program Files\JetBrains\IntelliJ IDEA Community Edition 2021.2.2\lib\idea_rt.jar=4431:C:\Program Files\JetBrains\IntelliJ IDEA Community Edition 2021.2.2\bin -Dfile.encoding=UTF-8 
java_command: com.intellij.rt.junit.JUnitStarter -ideVersion5 -junit5 @w@C:\Users\LEGION\AppData\Local\Temp\idea_working_dirs_junit1.tmp @C:\Users\LEGION\AppData\Local\Temp\idea_junit1.tmp
java_class_path (initial): C:\Users\LEGION\.m2\repository\org\junit\platform\junit-platform-launcher\1.7.2\junit-platform-launcher-1.7.2.jar;C:\Program Files\JetBrains\IntelliJ IDEA Community Edition 2021.2.2\lib\idea_rt.jar;C:\Program Files\JetBrains\IntelliJ IDEA Community Edition 2021.2.2\plugins\junit\lib\junit5-rt.jar;C:\Program Files\JetBrains\IntelliJ IDEA Community Edition 2021.2.2\plugins\junit\lib\junit-rt.jar;C:\Users\LEGION\Desktop\Proyecto TIS\tis-backend\target\test-classes;C:\Users\LEGION\Desktop\Proyecto TIS\tis-backend\target\classes;C:\Users\LEGION\.m2\repository\org\springframework\boot\spring-boot-starter-web\2.5.5\spring-boot-starter-web-2.5.5.jar;C:\Users\LEGION\.m2\repository\org\springframework\boot\spring-boot-starter\2.5.5\spring-boot-starter-2.5.5.jar;C:\Users\LEGION\.m2\repository\org\springframework\boot\spring-boot\2.5.5\spring-boot-2.5.5.jar;C:\Users\LEGION\.m2\repository\org\springframework\boot\spring-boot-autoconfigure\2.5.5\spring-boot-autoconfigure-2.5.5.jar;C:\Users\LEGION\.m2\repository\org\springframework\boot\spring-boot-starter-logging\2.5.5\spring-boot-starter-logging-2.5.5.jar;C:\Users\LEGION\.m2\repository\ch\qos\logback\logback-classic\1.2.6\logback-classic-1.2.6.jar;C:\Users\LEGION\.m2\repository\ch\qos\logback\logback-core\1.2.6\logback-core-1.2.6.jar;C:\Users\LEGION\.m2\repository\org\apache\logging\log4j\log4j-to-slf4j\2.14.1\log4j-to-slf4j-2.14.1.jar;C:\Users\LEGION\.m2\repository\org\apache\logging\log4j\log4j-api\2.14.1\log4j-api-2.14.1.jar;C:\Users\LEGION\.m2\repository\org\slf4j\jul-to-slf4j\1.7.32\jul-to-slf4j-1.7.32.jar;C:\Users\LEGION\.m2\repository\jakarta\annotation\jakarta.annotation-api\1.3.5\jakarta.annotation-api-1.3.5.jar;C:\Users\LEGION\.m2\repository\org\yaml\snakeyaml\1.28\snakeyaml-1.28.jar;C:\Users\LEGION\.m2\repository\org\springframework\boot\spring-boot-starter-json\2.5.5\spring-boot-starter-json-2.5.5.jar;C:\Users\LEGION\.m2\repository\com\fasterxml\jackson\datatype\jackson-datatype-jdk8\2.12
Launcher Type: SUN_STANDARD

[Global flags]
     intx CICompilerCount                          = 4                                         {product} {ergonomic}
     uint ConcGCThreads                            = 3                                         {product} {ergonomic}
     uint G1ConcRefinementThreads                  = 10                                        {product} {ergonomic}
   size_t G1HeapRegionSize                         = 1048576                                   {product} {ergonomic}
    uintx GCDrainStackTargetSize                   = 64                                        {product} {ergonomic}
   size_t InitialHeapSize                          = 268435456                                 {product} {ergonomic}
   size_t MarkStackSize                            = 4194304                                   {product} {ergonomic}
   size_t MaxHeapSize                              = 4263510016                                {product} {ergonomic}
   size_t MaxNewSize                               = 2557476864                                {product} {ergonomic}
   size_t MinHeapDeltaBytes                        = 1048576                                   {product} {ergonomic}
    uintx NonNMethodCodeHeapSize                   = 5836300                                {pd product} {ergonomic}
    uintx NonProfiledCodeHeapSize                  = 122910970                              {pd product} {ergonomic}
    uintx ProfiledCodeHeapSize                     = 122910970                              {pd product} {ergonomic}
    uintx ReservedCodeCacheSize                    = 251658240                              {pd product} {ergonomic}
     bool SegmentedCodeCache                       = true                                      {product} {ergonomic}
     bool UseCompressedClassPointers               = true                                 {lp64_product} {ergonomic}
     bool UseCompressedOops                        = true                                 {lp64_product} {ergonomic}
     bool UseG1GC                                  = true                                      {product} {ergonomic}
     bool UseLargePagesIndividualAllocation        = false                                  {pd product} {ergonomic}

Logging:
Log output configuration:
 #0: stdout all=warning uptime,level,tags
 #1: stderr all=off uptime,level,tags

Environment Variables:
JAVA_HOME=C:\Program Files\Java\jdk-11.0.10
PATH=C:\Program Files\Java\jdk-11.0.10\bin;C:\Program Files\Common Files\Oracle\Java\javapath;C:\Program Files\NVIDIA GPU Computing Toolkit\CUDA\v11.0\bin;C:\Program Files\NVIDIA GPU Computing Toolkit\CUDA\v11.0\libnvvp;C:\Python\Scripts\;C:\Python\;C:\Program Files (x86)\Common Files\Oracle\Java\javapath;C:\ProgramData\Oracle\Java\javapath;C:\Program Files (x86)\VMware\VMware Workstation\bin\;C:\Windows\system32;C:\Windows;C:\Windows\System32\Wbem;C:\Windows\System32\WindowsPowerShell\v1.0\;C:\Windows\System32\OpenSSH\;C:\Program Files\Git\cmd;C:\Program Files\Git\mingw64\bin;C:\Program Files\Git\usr\bin;C:\ProgramData\chocolatey\bin;C:\Program Files\NVIDIA Corporation\Nsight Compute 2020.1.2\;C:\Program Files (x86)\NVIDIA Corporation\PhysX\Common;C:\Program Files\NVIDIA Corporation\NVIDIA NvDLISR;C:\Program Files\MySQL\MySQL Server 8.0\bin;C:\opencv\build\x64\vc15\bin;C:\Program Files\nodejs\;C:\Program Files\dotnet\;C:\apache-maven-3.8.2\bin;;C:\WINDOWS\system32;C:\WINDOWS;C:\WINDOWS\System32\Wbem;C:\WINDOWS\System32\WindowsPowerShell\v1.0\;C:\WINDOWS\System32\OpenSSH\;C:\Program Files\PuTTY\;C:\Users\LEGION\miniconda3;C:\Users\LEGION\miniconda3\Library\mingw-w64\bin;C:\Users\LEGION\miniconda3\Library\usr\bin;C:\Users\LEGION\miniconda3\Library\bin;C:\Users\LEGION\miniconda3\Scripts;C:\Users\LEGION\anaconda3;C:\Users\LEGION\anaconda3\Library\mingw-w64\bin;C:\Users\LEGION\anaconda3\Library\usr\bin;C:\Users\LEGION\anaconda3\Library\bin;C:\Users\LEGION\anaconda3\Scripts;C:\Python\Scripts\;C:\Python\;C:\Program Files\MySQL\MySQL Shell 8.0\bin\;C:\Users\LEGION\AppData\Local\Microsoft\WindowsApps;C:\Program Files\NVIDIA GPU Computing Toolkit\CUDA\v11.0\bin;C:\Program Files\NVIDIA GPU Computing Toolkit\CUDA\v11.0\libnvvp;C:\Program Files\JetBrains\PyCharm Community Edition 2021.1\bin;;C:\Users\LEGION\AppData\Local\Programs\Microsoft VS Code\bin;C:\Program Files\MySQL\MySQL Server 8.0\bin;C:\opencv\build\x64\vc15\bin;C:\Users\LEGION\AppData\Roaming\npm;C:\Users\LEGION\.dotne
USERNAME=LEGION
OS=Windows_NT
PROCESSOR_IDENTIFIER=Intel64 Family 6 Model 158 Stepping 10, GenuineIntel



---------------  S Y S T E M  ---------------

OS: Windows 10 , 64 bit Build 22000 (10.0.22000.318)

CPU:total 12 (initial active 12) (6 cores per cpu, 2 threads per core) family 6 model 158 stepping 10 microcode 0xde, cmov, cx8, fxsr, mmx, sse, sse2, sse3, ssse3, sse4.1, sse4.2, popcnt, avx, avx2, aes, clmul, erms, 3dnowpref, lzcnt, ht, tsc, tscinvbit, bmi1, bmi2, adx, fma

Memory: 4k page, system-wide physical 16257M (3931M free)
TotalPageFile size 16257M (AvailPageFile size 43M)
current process WorkingSet (physical memory assigned to process): 234M, peak: 234M
current process commit charge ("private bytes"): 449M, peak: 501M

vm_info: Java HotSpot(TM) 64-Bit Server VM (11.0.10+8-LTS-162) for windows-amd64 JRE (11.0.10+8-LTS-162), built on Dec  8 2020 16:32:57 by "mach5one" with MS VC++ 15.9 (VS2017)

END.
